;;; 
Export: Release 21.0.0.0.0 - Production on Sun Sep 8 14:39:39 2024
Version 21.3.0.0.0

Copyright (c) 1982, 2021, Oracle and/or its affiliates.  All rights reserved.
;;; 
Connected to: Oracle Database 21c Enterprise Edition Release 21.0.0.0.0 - Production
Starting "MARKET"."SYS_EXPORT_SCHEMA_01":  MARKET/********@localhost:1521/ORCLPDB schemas=MARKET directory=db_dir dumpfile=MARKET.dmp logfile=MARKET_export.log 
Processing object type SCHEMA_EXPORT/TABLE/TABLE_DATA
Processing object type SCHEMA_EXPORT/TABLE/INDEX/STATISTICS/INDEX_STATISTICS
Processing object type SCHEMA_EXPORT/TABLE/STATISTICS/TABLE_STATISTICS
Processing object type SCHEMA_EXPORT/STATISTICS/MARKER
Processing object type SCHEMA_EXPORT/USER
Processing object type SCHEMA_EXPORT/SYSTEM_GRANT
Processing object type SCHEMA_EXPORT/ROLE_GRANT
Processing object type SCHEMA_EXPORT/DEFAULT_ROLE
Processing object type SCHEMA_EXPORT/PRE_SCHEMA/PROCACT_SCHEMA
Processing object type SCHEMA_EXPORT/SEQUENCE/SEQUENCE
Processing object type SCHEMA_EXPORT/TABLE/TABLE
Processing object type SCHEMA_EXPORT/TABLE/COMMENT
Processing object type SCHEMA_EXPORT/TABLE/INDEX/INDEX
Processing object type SCHEMA_EXPORT/TABLE/CONSTRAINT/CONSTRAINT
Processing object type SCHEMA_EXPORT/TABLE/CONSTRAINT/REF_CONSTRAINT
Processing object type SCHEMA_EXPORT/TABLE/TRIGGER
. . exported "MARKET"."USERS"                            10.67 KB     155 rows
. . exported "MARKET"."SUGGESTIONS"                      7.695 KB     108 rows
. . exported "MARKET"."CATEGORIES"                           0 KB       0 rows
. . exported "MARKET"."PRODUCTS"                             0 KB       0 rows
. . exported "MARKET"."STORES"                               0 KB       0 rows
Master table "MARKET"."SYS_EXPORT_SCHEMA_01" successfully loaded/unloaded
******************************************************************************
Dump file set for MARKET.SYS_EXPORT_SCHEMA_01 is:
  C:\VIP\MARKET_SYSTEM_REPO\MARKET.DMP
Job "MARKET"."SYS_EXPORT_SCHEMA_01" successfully completed at Sun Sep 8 14:40:49 2024 elapsed 0 00:01:05
